#
# There is insufficient memory for the Java Runtime Environment to continue.
# Native memory allocation (malloc) failed to allocate 1529984 bytes for Chunk::new
# Possible reasons:
#   The system is out of physical RAM or swap space
#   The process is running with CompressedOops enabled, and the Java Heap may be blocking the growth of the native heap
# Possible solutions:
#   Reduce memory load on the system
#   Increase physical memory or swap space
#   Check if swap backing store is full
#   Decrease Java heap size (-Xmx/-Xms)
#   Decrease number of Java threads
#   Decrease Java thread stack sizes (-Xss)
#   Set larger code cache with -XX:ReservedCodeCacheSize=
#   JVM is running with Unscaled Compressed Oops mode in which the Java heap is
#     placed in the first 4GB address space. The Java Heap base address is the
#     maximum limit for the native heap growth. Please use -XX:HeapBaseMinAddress
#     to set the Java Heap base and to place the Java Heap above 4GB virtual address.
# This output file may be truncated or incomplete.
#
#  Out of Memory Error (arena.cpp:189), pid=23216, tid=30740
#
# JRE version: OpenJDK Runtime Environment Temurin-17.0.8.1+1 (17.0.8.1+1) (build 17.0.8.1+1)
# Java VM: OpenJDK 64-Bit Server VM Temurin-17.0.8.1+1 (17.0.8.1+1, mixed mode, sharing, tiered, compressed oops, compressed class ptrs, g1 gc, windows-amd64)
# No core dump will be written. Minidumps are not enabled by default on client versions of Windows
#

---------------  S U M M A R Y ------------

Command Line: --add-opens=java.base/java.lang=ALL-UNNAMED --add-opens=java.base/java.lang.invoke=ALL-UNNAMED --add-opens=java.base/java.util=ALL-UNNAMED --add-opens=java.prefs/java.util.prefs=ALL-UNNAMED --add-exports=jdk.compiler/com.sun.tools.javac.api=ALL-UNNAMED --add-exports=jdk.compiler/com.sun.tools.javac.util=ALL-UNNAMED --add-opens=java.base/java.util=ALL-UNNAMED --add-opens=java.prefs/java.util.prefs=ALL-UNNAMED --add-opens=java.base/java.nio.charset=ALL-UNNAMED --add-opens=java.base/java.net=ALL-UNNAMED --add-opens=java.base/java.util.concurrent=ALL-UNNAMED --add-opens=java.base/java.util.concurrent.atomic=ALL-UNNAMED --add-opens=java.xml/javax.xml.namespace=ALL-UNNAMED --add-opens=java.base/java.time=ALL-UNNAMED -Xmx2048m -Dfile.encoding=UTF-8 -Duser.country=US -Duser.language=en -Duser.variant -javaagent:C:\Users\User\.gradle\wrapper\dists\gradle-9.3.1-bin\23ovyewtku6u96viwx3xl3oks\gradle-9.3.1\lib\agents\gradle-instrumentation-agent-9.3.1.jar org.gradle.launcher.daemon.bootstrap.GradleDaemon 9.3.1

Host: 12th Gen Intel(R) Core(TM) i5-1240P, 16 cores, 15G,  Windows 11 , 64 bit Build 26100 (10.0.26100.7920)
Time: Mon Apr 13 00:47:27 2026 India Standard Time elapsed time: 5.744190 seconds (0d 0h 0m 5s)

---------------  T H R E A D  ---------------

Current thread (0x00000209202ea120):  JavaThread "C2 CompilerThread0" daemon [_thread_in_native, id=30740, stack(0x0000007ff2400000,0x0000007ff2500000)]


Current CompileTask:
C2:   5745 2616   !   4       java.net.URLClassLoader$1::run (81 bytes)

Stack: [0x0000007ff2400000,0x0000007ff2500000]
Native frames: (J=compiled Java code, j=interpreted, Vv=VM code, C=native code)
V  [jvm.dll+0x678b0a]
V  [jvm.dll+0x835e84]
V  [jvm.dll+0x83762e]
V  [jvm.dll+0x837c93]
V  [jvm.dll+0x24746f]
V  [jvm.dll+0xac20c]
V  [jvm.dll+0xac7dc]
V  [jvm.dll+0x365ca7]
V  [jvm.dll+0x1bd012]
V  [jvm.dll+0x219d49]
V  [jvm.dll+0x219011]
V  [jvm.dll+0x1a534d]
V  [jvm.dll+0x228d8a]
V  [jvm.dll+0x226dcc]
V  [jvm.dll+0x7ec09b]
V  [jvm.dll+0x7e64ca]
V  [jvm.dll+0x677955]
C  [ucrtbase.dll+0x37b0]
C  [KERNEL32.DLL+0x2e8d7]
C  [ntdll.dll+0x8c48c]


---------------  P R O C E S S  ---------------

Threads class SMR info:
_java_thread_list=0x00000209689540e0, length=27, elements={
0x000002090234c3f0, 0x00000209202b0600, 0x00000209202b1b40, 0x00000209202c2390,
0x00000209202c4c70, 0x00000209202c70c0, 0x00000209202e79a0, 0x00000209202ea120,
0x00000209202f8140, 0x00000209202fd070, 0x00000209207d0400, 0x00000209209c5090,
0x00000209680c0bf0, 0x000002096837c580, 0x00000209680c06e0, 0x00000209680c3470,
0x00000209680c1100, 0x00000209680c1610, 0x00000209680c1b20, 0x00000209680c2030,
0x00000209680c3980, 0x00000209680c2a50, 0x00000209680c2540, 0x000002096837b590,
0x0000020968b70db0, 0x0000020968b73120, 0x0000020968b712c0
}

Java Threads: ( => current thread )
  0x000002090234c3f0 JavaThread "main" [_thread_blocked, id=17820, stack(0x0000007ff1700000,0x0000007ff1800000)]
  0x00000209202b0600 JavaThread "Reference Handler" daemon [_thread_blocked, id=32012, stack(0x0000007ff1e00000,0x0000007ff1f00000)]
  0x00000209202b1b40 JavaThread "Finalizer" daemon [_thread_blocked, id=29016, stack(0x0000007ff1f00000,0x0000007ff2000000)]
  0x00000209202c2390 JavaThread "Signal Dispatcher" daemon [_thread_blocked, id=5136, stack(0x0000007ff2000000,0x0000007ff2100000)]
  0x00000209202c4c70 JavaThread "Attach Listener" daemon [_thread_blocked, id=30620, stack(0x0000007ff2100000,0x0000007ff2200000)]
  0x00000209202c70c0 JavaThread "Service Thread" daemon [_thread_blocked, id=17772, stack(0x0000007ff2200000,0x0000007ff2300000)]
  0x00000209202e79a0 JavaThread "Monitor Deflation Thread" daemon [_thread_blocked, id=28880, stack(0x0000007ff2300000,0x0000007ff2400000)]
=>0x00000209202ea120 JavaThread "C2 CompilerThread0" daemon [_thread_in_native, id=30740, stack(0x0000007ff2400000,0x0000007ff2500000)]
  0x00000209202f8140 JavaThread "C1 CompilerThread0" daemon [_thread_blocked, id=24776, stack(0x0000007ff2500000,0x0000007ff2600000)]
  0x00000209202fd070 JavaThread "Sweeper thread" daemon [_thread_blocked, id=4268, stack(0x0000007ff2600000,0x0000007ff2700000)]
  0x00000209207d0400 JavaThread "Common-Cleaner" daemon [_thread_blocked, id=18228, stack(0x0000007ff2700000,0x0000007ff2800000)]
  0x00000209209c5090 JavaThread "Notification Thread" daemon [_thread_blocked, id=11956, stack(0x0000007ff2b00000,0x0000007ff2c00000)]
  0x00000209680c0bf0 JavaThread "Daemon health stats" [_thread_blocked, id=27072, stack(0x0000007ff2e00000,0x0000007ff2f00000)]
  0x000002096837c580 JavaThread "C1 CompilerThread1" daemon [_thread_blocked, id=34332, stack(0x0000007ff2800000,0x0000007ff2900000)]
  0x00000209680c06e0 JavaThread "Incoming local TCP Connector on port 9999" [_thread_in_native, id=28108, stack(0x0000007ff2900000,0x0000007ff2a00000)]
  0x00000209680c3470 JavaThread "Daemon periodic checks" [_thread_blocked, id=22052, stack(0x0000007ff2a00000,0x0000007ff2b00000)]
  0x00000209680c1100 JavaThread "Daemon" [_thread_blocked, id=9656, stack(0x0000007ff2d00000,0x0000007ff2e00000)]
  0x00000209680c1610 JavaThread "Handler for socket connection from /127.0.0.1:9999 to /127.0.0.1:10000" [_thread_in_native, id=3064, stack(0x0000007ff3400000,0x0000007ff3500000)]
  0x00000209680c1b20 JavaThread "Cancel handler" [_thread_blocked, id=30608, stack(0x0000007ff3500000,0x0000007ff3600000)]
  0x00000209680c2030 JavaThread "Daemon worker" [_thread_in_native, id=2640, stack(0x0000007ff3600000,0x0000007ff3700000)]
  0x00000209680c3980 JavaThread "Asynchronous log dispatcher for DefaultDaemonConnection: socket connection from /127.0.0.1:9999 to /127.0.0.1:10000" [_thread_blocked, id=27024, stack(0x0000007ff3700000,0x0000007ff3800000)]
  0x00000209680c2a50 JavaThread "Stdin handler" [_thread_blocked, id=11024, stack(0x0000007ff3800000,0x0000007ff3900000)]
  0x00000209680c2540 JavaThread "Daemon client event forwarder" [_thread_blocked, id=21952, stack(0x0000007ff3900000,0x0000007ff3a00000)]
  0x000002096837b590 JavaThread "C2 CompilerThread1" daemon [_thread_in_native, id=30864, stack(0x0000007ff3a00000,0x0000007ff3b00000)]
  0x0000020968b70db0 JavaThread "Cache worker for journal cache (C:\Users\User\.gradle\caches\journal-1)" [_thread_blocked, id=31708, stack(0x0000007ff3b00000,0x0000007ff3c00000)]
  0x0000020968b73120 JavaThread "File lock request listener" [_thread_in_native, id=716, stack(0x0000007ff3c00000,0x0000007ff3d00000)]
  0x0000020968b712c0 JavaThread "Cache worker for file hash cache (C:\Users\User\.gradle\caches\9.3.1\fileHashes)" [_thread_blocked, id=32216, stack(0x0000007ff3d00000,0x0000007ff3e00000)]

Other Threads:
  0x00000209202ac530 VMThread "VM Thread" [stack: 0x0000007ff1d00000,0x0000007ff1e00000] [id=23068]
  0x00000209202fdfd0 WatcherThread [stack: 0x0000007ff2c00000,0x0000007ff2d00000] [id=18184]
  0x00000209023ae180 GCTaskThread "GC Thread#0" [stack: 0x0000007ff1800000,0x0000007ff1900000] [id=34436]
  0x0000020920b44890 GCTaskThread "GC Thread#1" [stack: 0x0000007ff2f00000,0x0000007ff3000000] [id=31072]
  0x0000020920a36c10 GCTaskThread "GC Thread#2" [stack: 0x0000007ff3000000,0x0000007ff3100000] [id=25576]
  0x0000020920a36ed0 GCTaskThread "GC Thread#3" [stack: 0x0000007ff3100000,0x0000007ff3200000] [id=16372]
  0x0000020920a37190 GCTaskThread "GC Thread#4" [stack: 0x0000007ff3200000,0x0000007ff3300000] [id=34348]
  0x00000209660ed1d0 GCTaskThread "GC Thread#5" [stack: 0x0000007ff3300000,0x0000007ff3400000] [id=14120]
  0x00000209023befe0 ConcurrentGCThread "G1 Main Marker" [stack: 0x0000007ff1900000,0x0000007ff1a00000] [id=18308]
  0x00000209023c05d0 ConcurrentGCThread "G1 Conc#0" [stack: 0x0000007ff1a00000,0x0000007ff1b00000] [id=30716]
  0x00000209023fdb40 ConcurrentGCThread "G1 Refine#0" [stack: 0x0000007ff1b00000,0x0000007ff1c00000] [id=17332]
  0x00000209023fe480 ConcurrentGCThread "G1 Service" [stack: 0x0000007ff1c00000,0x0000007ff1d00000] [id=29660]

Threads with active compile tasks:
C2 CompilerThread0     5767 2616   !   4       java.net.URLClassLoader$1::run (81 bytes)
C2 CompilerThread1     5767 2615       4       java.net.URLClassLoader$1::run (5 bytes)

VM state: not at safepoint (normal execution)

VM Mutex/Monitor currently owned by a thread: None

Heap address: 0x0000000080000000, size: 2048 MB, Compressed Oops mode: 32-bit

CDS archive(s) mapped at: [0x0000020921000000-0x0000020921a60000-0x0000020921a60000), size 10878976, SharedBaseAddress: 0x0000020921000000, ArchiveRelocationMode: 1.
Compressed class space mapped at: 0x0000020922000000-0x0000020962000000, reserved size: 1073741824
Narrow klass base: 0x0000020921000000, Narrow klass shift: 0, Narrow klass range: 0x100000000

GC Precious Log:
 CPUs: 16 total, 16 available
 Memory: 16088M
 Large Page Support: Disabled
 NUMA Support: Disabled
 Compressed Oops: Enabled (32-bit)
 Heap Region Size: 1M
 Heap Min Capacity: 8M
 Heap Initial Capacity: 252M
 Heap Max Capacity: 2G
 Pre-touch: Disabled
 Parallel Workers: 13
 Concurrent Workers: 3
 Concurrent Refinement Workers: 13
 Periodic GC: Disabled

Heap:
 garbage-first heap   total 258048K, used 160338K [0x0000000080000000, 0x0000000100000000)
  region size 1024K, 148 young (151552K), 5 survivors (5120K)
 Metaspace       used 20151K, committed 20416K, reserved 1114112K
  class space    used 2796K, committed 2944K, reserved 1048576K

Heap Regions: E=young(eden), S=young(survivor), O=old, HS=humongous(starts), HC=humongous(continues), CS=collection set, F=free, OA=open archive, CA=closed archive, TAMS=top-at-mark-start (previous, next)
|   0|0x0000000080000000, 0x0000000080100000, 0x0000000080100000|100%|HS|  |TAMS 0x0000000080000000, 0x0000000080000000| Complete 
|   1|0x0000000080100000, 0x0000000080200000, 0x0000000080200000|100%|HC|  |TAMS 0x0000000080100000, 0x0000000080100000| Complete 
|   2|0x0000000080200000, 0x0000000080300000, 0x0000000080300000|100%|HC|  |TAMS 0x0000000080200000, 0x0000000080200000| Complete 
|   3|0x0000000080300000, 0x0000000080400000, 0x0000000080400000|100%|HC|  |TAMS 0x0000000080300000, 0x0000000080300000| Complete 
|   4|0x0000000080400000, 0x0000000080500000, 0x0000000080500000|100%| O|  |TAMS 0x0000000080400000, 0x0000000080400000| Untracked 
|   5|0x0000000080500000, 0x0000000080600000, 0x0000000080600000|100%| O|  |TAMS 0x0000000080500000, 0x0000000080500000| Untracked 
|   6|0x0000000080600000, 0x0000000080694800, 0x0000000080700000| 58%| O|  |TAMS 0x0000000080600000, 0x0000000080600000| Untracked 
|   7|0x0000000080700000, 0x0000000080800000, 0x0000000080800000|100%|HS|  |TAMS 0x0000000080700000, 0x0000000080700000| Complete 
|   8|0x0000000080800000, 0x0000000080900000, 0x0000000080900000|100%|HS|  |TAMS 0x0000000080800000, 0x0000000080800000| Complete 
|   9|0x0000000080900000, 0x0000000080a00000, 0x0000000080a00000|100%|HS|  |TAMS 0x0000000080900000, 0x0000000080900000| Complete 
|  10|0x0000000080a00000, 0x0000000080b00000, 0x0000000080b00000|100%|HS|  |TAMS 0x0000000080a00000, 0x0000000080a00000| Complete 
|  11|0x0000000080b00000, 0x0000000080b00000, 0x0000000080c00000|  0%| F|  |TAMS 0x0000000080b00000, 0x0000000080b00000| Untracked 
|  12|0x0000000080c00000, 0x0000000080c00000, 0x0000000080d00000|  0%| F|  |TAMS 0x0000000080c00000, 0x0000000080c00000| Untracked 
|  13|0x0000000080d00000, 0x0000000080d00000, 0x0000000080e00000|  0%| F|  |TAMS 0x0000000080d00000, 0x0000000080d00000| Untracked 
|  14|0x0000000080e00000, 0x0000000080e00000, 0x0000000080f00000|  0%| F|  |TAMS 0x0000000080e00000, 0x0000000080e00000| Untracked 
|  15|0x0000000080f00000, 0x0000000080f00000, 0x0000000081000000|  0%| F|  |TAMS 0x0000000080f00000, 0x0000000080f00000| Untracked 
|  16|0x0000000081000000, 0x0000000081000000, 0x0000000081100000|  0%| F|  |TAMS 0x0000000081000000, 0x0000000081000000| Untracked 
|  17|0x0000000081100000, 0x0000000081100000, 0x0000000081200000|  0%| F|  |TAMS 0x0000000081100000, 0x0000000081100000| Untracked 
|  18|0x0000000081200000, 0x0000000081200000, 0x0000000081300000|  0%| F|  |TAMS 0x0000000081200000, 0x0000000081200000| Untracked 
|  19|0x0000000081300000, 0x0000000081300000, 0x0000000081400000|  0%| F|  |TAMS 0x0000000081300000, 0x0000000081300000| Untracked 
|  20|0x0000000081400000, 0x0000000081400000, 0x0000000081500000|  0%| F|  |TAMS 0x0000000081400000, 0x0000000081400000| Untracked 
|  21|0x0000000081500000, 0x0000000081500000, 0x0000000081600000|  0%| F|  |TAMS 0x0000000081500000, 0x0000000081500000| Untracked 
|  22|0x0000000081600000, 0x0000000081600000, 0x0000000081700000|  0%| F|  |TAMS 0x0000000081600000, 0x0000000081600000| Untracked 
|  23|0x0000000081700000, 0x0000000081700000, 0x0000000081800000|  0%| F|  |TAMS 0x0000000081700000, 0x0000000081700000| Untracked 
|  24|0x0000000081800000, 0x0000000081800000, 0x0000000081900000|  0%| F|  |TAMS 0x0000000081800000, 0x0000000081800000| Untracked 
|  25|0x0000000081900000, 0x0000000081900000, 0x0000000081a00000|  0%| F|  |TAMS 0x0000000081900000, 0x0000000081900000| Untracked 
|  26|0x0000000081a00000, 0x0000000081a00000, 0x0000000081b00000|  0%| F|  |TAMS 0x0000000081a00000, 0x0000000081a00000| Untracked 
|  27|0x0000000081b00000, 0x0000000081b00000, 0x0000000081c00000|  0%| F|  |TAMS 0x0000000081b00000, 0x0000000081b00000| Untracked 
|  28|0x0000000081c00000, 0x0000000081c00000, 0x0000000081d00000|  0%| F|  |TAMS 0x0000000081c00000, 0x0000000081c00000| Untracked 
|  29|0x0000000081d00000, 0x0000000081d00000, 0x0000000081e00000|  0%| F|  |TAMS 0x0000000081d00000, 0x0000000081d00000| Untracked 
|  30|0x0000000081e00000, 0x0000000081e00000, 0x0000000081f00000|  0%| F|  |TAMS 0x0000000081e00000, 0x0000000081e00000| Untracked 
|  31|0x0000000081f00000, 0x0000000081f00000, 0x0000000082000000|  0%| F|  |TAMS 0x0000000081f00000, 0x0000000081f00000| Untracked 
|  32|0x0000000082000000, 0x0000000082000000, 0x0000000082100000|  0%| F|  |TAMS 0x0000000082000000, 0x0000000082000000| Untracked 
|  33|0x0000000082100000, 0x0000000082100000, 0x0000000082200000|  0%| F|  |TAMS 0x0000000082100000, 0x0000000082100000| Untracked 
|  34|0x0000000082200000, 0x0000000082200000, 0x0000000082300000|  0%| F|  |TAMS 0x0000000082200000, 0x0000000082200000| Untracked 
|  35|0x0000000082300000, 0x0000000082300000, 0x0000000082400000|  0%| F|  |TAMS 0x0000000082300000, 0x0000000082300000| Untracked 
|  36|0x0000000082400000, 0x0000000082400000, 0x0000000082500000|  0%| F|  |TAMS 0x0000000082400000, 0x0000000082400000| Untracked 
|  37|0x0000000082500000, 0x0000000082500000, 0x0000000082600000|  0%| F|  |TAMS 0x0000000082500000, 0x0000000082500000| Untracked 
|  38|0x0000000082600000, 0x0000000082600000, 0x0000000082700000|  0%| F|  |TAMS 0x0000000082600000, 0x0000000082600000| Untracked 
|  39|0x0000000082700000, 0x0000000082700000, 0x0000000082800000|  0%| F|  |TAMS 0x0000000082700000, 0x0000000082700000| Untracked 
|  40|0x0000000082800000, 0x0000000082800000, 0x0000000082900000|  0%| F|  |TAMS 0x0000000082800000, 0x0000000082800000| Untracked 
|  41|0x0000000082900000, 0x0000000082900000, 0x0000000082a00000|  0%| F|  |TAMS 0x0000000082900000, 0x0000000082900000| Untracked 
|  42|0x0000000082a00000, 0x0000000082a00000, 0x0000000082b00000|  0%| F|  |TAMS 0x0000000082a00000, 0x0000000082a00000| Untracked 
|  43|0x0000000082b00000, 0x0000000082b00000, 0x0000000082c00000|  0%| F|  |TAMS 0x0000000082b00000, 0x0000000082b00000| Untracked 
|  44|0x0000000082c00000, 0x0000000082c00000, 0x0000000082d00000|  0%| F|  |TAMS 0x0000000082c00000, 0x0000000082c00000| Untracked 
|  45|0x0000000082d00000, 0x0000000082d00000, 0x0000000082e00000|  0%| F|  |TAMS 0x0000000082d00000, 0x0000000082d00000| Untracked 
|  46|0x0000000082e00000, 0x0000000082e00000, 0x0000000082f00000|  0%| F|  |TAMS 0x0000000082e00000, 0x0000000082e00000| Untracked 
|  47|0x0000000082f00000, 0x0000000082f00000, 0x0000000083000000|  0%| F|  |TAMS 0x0000000082f00000, 0x0000000082f00000| Untracked 
|  48|0x0000000083000000, 0x0000000083000000, 0x0000000083100000|  0%| F|  |TAMS 0x0000000083000000, 0x0000000083000000| Untracked 
|  49|0x0000000083100000, 0x0000000083100000, 0x0000000083200000|  0%| F|  |TAMS 0x0000000083100000, 0x0000000083100000| Untracked 
|  50|0x0000000083200000, 0x0000000083200000, 0x0000000083300000|  0%| F|  |TAMS 0x0000000083200000, 0x0000000083200000| Untracked 
|  51|0x0000000083300000, 0x0000000083300000, 0x0000000083400000|  0%| F|  |TAMS 0x0000000083300000, 0x0000000083300000| Untracked 
|  52|0x0000000083400000, 0x0000000083400000, 0x0000000083500000|  0%| F|  |TAMS 0x0000000083400000, 0x0000000083400000| Untracked 
|  53|0x0000000083500000, 0x0000000083500000, 0x0000000083600000|  0%| F|  |TAMS 0x0000000083500000, 0x0000000083500000| Untracked 
|  54|0x0000000083600000, 0x0000000083600000, 0x0000000083700000|  0%| F|  |TAMS 0x0000000083600000, 0x0000000083600000| Untracked 
|  55|0x0000000083700000, 0x0000000083700000, 0x0000000083800000|  0%| F|  |TAMS 0x0000000083700000, 0x0000000083700000| Untracked 
|  56|0x0000000083800000, 0x0000000083800000, 0x0000000083900000|  0%| F|  |TAMS 0x0000000083800000, 0x0000000083800000| Untracked 
|  57|0x0000000083900000, 0x0000000083900000, 0x0000000083a00000|  0%| F|  |TAMS 0x0000000083900000, 0x0000000083900000| Untracked 
|  58|0x0000000083a00000, 0x0000000083a00000, 0x0000000083b00000|  0%| F|  |TAMS 0x0000000083a00000, 0x0000000083a00000| Untracked 
|  59|0x0000000083b00000, 0x0000000083b00000, 0x0000000083c00000|  0%| F|  |TAMS 0x0000000083b00000, 0x0000000083b00000| Untracked 
|  60|0x0000000083c00000, 0x0000000083c00000, 0x0000000083d00000|  0%| F|  |TAMS 0x0000000083c00000, 0x0000000083c00000| Untracked 
|  61|0x0000000083d00000, 0x0000000083d00000, 0x0000000083e00000|  0%| F|  |TAMS 0x0000000083d00000, 0x0000000083d00000| Untracked 
|  62|0x0000000083e00000, 0x0000000083e00000, 0x0000000083f00000|  0%| F|  |TAMS 0x0000000083e00000, 0x0000000083e00000| Untracked 
|  63|0x0000000083f00000, 0x0000000083f00000, 0x0000000084000000|  0%| F|  |TAMS 0x0000000083f00000, 0x0000000083f00000| Untracked 
|  64|0x0000000084000000, 0x0000000084000000, 0x0000000084100000|  0%| F|  |TAMS 0x0000000084000000, 0x0000000084000000| Untracked 
|  65|0x0000000084100000, 0x0000000084100000, 0x0000000084200000|  0%| F|  |TAMS 0x0000000084100000, 0x0000000084100000| Untracked 
|  66|0x0000000084200000, 0x0000000084200000, 0x0000000084300000|  0%| F|  |TAMS 0x0000000084200000, 0x0000000084200000| Untracked 
|  67|0x0000000084300000, 0x0000000084300000, 0x0000000084400000|  0%| F|  |TAMS 0x0000000084300000, 0x0000000084300000| Untracked 
|  68|0x0000000084400000, 0x0000000084400000, 0x0000000084500000|  0%| F|  |TAMS 0x0000000084400000, 0x0000000084400000| Untracked 
|  69|0x0000000084500000, 0x0000000084500000, 0x0000000084600000|  0%| F|  |TAMS 0x0000000084500000, 0x0000000084500000| Untracked 
|  70|0x0000000084600000, 0x0000000084600000, 0x0000000084700000|  0%| F|  |TAMS 0x0000000084600000, 0x0000000084600000| Untracked 
|  71|0x0000000084700000, 0x0000000084700000, 0x0000000084800000|  0%| F|  |TAMS 0x0000000084700000, 0x0000000084700000| Untracked 
|  72|0x0000000084800000, 0x0000000084800000, 0x0000000084900000|  0%| F|  |TAMS 0x0000000084800000, 0x0000000084800000| Untracked 
|  73|0x0000000084900000, 0x0000000084900000, 0x0000000084a00000|  0%| F|  |TAMS 0x0000000084900000, 0x0000000084900000| Untracked 
|  74|0x0000000084a00000, 0x0000000084a00000, 0x0000000084b00000|  0%| F|  |TAMS 0x0000000084a00000, 0x0000000084a00000| Untracked 
|  75|0x0000000084b00000, 0x0000000084b00000, 0x0000000084c00000|  0%| F|  |TAMS 0x0000000084b00000, 0x0000000084b00000| Untracked 
|  76|0x0000000084c00000, 0x0000000084c00000, 0x0000000084d00000|  0%| F|  |TAMS 0x0000000084c00000, 0x0000000084c00000| Untracked 
|  77|0x0000000084d00000, 0x0000000084d00000, 0x0000000084e00000|  0%| F|  |TAMS 0x0000000084d00000, 0x0000000084d00000| Untracked 
|  78|0x0000000084e00000, 0x0000000084e00000, 0x0000000084f00000|  0%| F|  |TAMS 0x0000000084e00000, 0x0000000084e00000| Untracked 
|  79|0x0000000084f00000, 0x0000000084f00000, 0x0000000085000000|  0%| F|  |TAMS 0x0000000084f00000, 0x0000000084f00000| Untracked 
|  80|0x0000000085000000, 0x0000000085000000, 0x0000000085100000|  0%| F|  |TAMS 0x0000000085000000, 0x0000000085000000| Untracked 
|  81|0x0000000085100000, 0x0000000085100000, 0x0000000085200000|  0%| F|  |TAMS 0x0000000085100000, 0x0000000085100000| Untracked 
|  82|0x0000000085200000, 0x0000000085200000, 0x0000000085300000|  0%| F|  |TAMS 0x0000000085200000, 0x0000000085200000| Untracked 
|  83|0x0000000085300000, 0x0000000085300000, 0x0000000085400000|  0%| F|  |TAMS 0x0000000085300000, 0x0000000085300000| Untracked 
|  84|0x0000000085400000, 0x0000000085400000, 0x0000000085500000|  0%| F|  |TAMS 0x0000000085400000, 0x0000000085400000| Untracked 
|  85|0x0000000085500000, 0x0000000085500000, 0x0000000085600000|  0%| F|  |TAMS 0x0000000085500000, 0x0000000085500000| Untracked 
|  86|0x0000000085600000, 0x0000000085600000, 0x0000000085700000|  0%| F|  |TAMS 0x0000000085600000, 0x0000000085600000| Untracked 
|  87|0x0000000085700000, 0x0000000085700000, 0x0000000085800000|  0%| F|  |TAMS 0x0000000085700000, 0x0000000085700000| Untracked 
|  88|0x0000000085800000, 0x0000000085800000, 0x0000000085900000|  0%| F|  |TAMS 0x0000000085800000, 0x0000000085800000| Untracked 
|  89|0x0000000085900000, 0x0000000085900000, 0x0000000085a00000|  0%| F|  |TAMS 0x0000000085900000, 0x0000000085900000| Untracked 
|  90|0x0000000085a00000, 0x0000000085a00000, 0x0000000085b00000|  0%| F|  |TAMS 0x0000000085a00000, 0x0000000085a00000| Untracked 
|  91|0x0000000085b00000, 0x0000000085b00000, 0x0000000085c00000|  0%| F|  |TAMS 0x0000000085b00000, 0x0000000085b00000| Untracked 
|  92|0x0000000085c00000, 0x0000000085c00000, 0x0000000085d00000|  0%| F|  |TAMS 0x0000000085c00000, 0x0000000085c00000| Untracked 
|  93|0x0000000085d00000, 0x0000000085d00000, 0x0000000085e00000|  0%| F|  |TAMS 0x0000000085d00000, 0x0000000085d00000| Untracked 
|  94|0x0000000085e00000, 0x0000000085e00000, 0x0000000085f00000|  0%| F|  |TAMS 0x0000000085e00000, 0x0000000085e00000| Untracked 
|  95|0x0000000085f00000, 0x0000000085f00000, 0x0000000086000000|  0%| F|  |TAMS 0x0000000085f00000, 0x0000000085f00000| Untracked 
|  96|0x0000000086000000, 0x0000000086000000, 0x0000000086100000|  0%| F|  |TAMS 0x0000000086000000, 0x0000000086000000| Untracked 
|  97|0x0000000086100000, 0x0000000086100000, 0x0000000086200000|  0%| F|  |TAMS 0x0000000086100000, 0x0000000086100000| Untracked 
|  98|0x0000000086200000, 0x0000000086200000, 0x0000000086300000|  0%| F|  |TAMS 0x0000000086200000, 0x0000000086200000| Untracked 
|  99|0x0000000086300000, 0x0000000086300000, 0x0000000086400000|  0%| F|  |TAMS 0x0000000086300000, 0x0000000086300000| Untracked 
| 100|0x0000000086400000, 0x0000000086400000, 0x0000000086500000|  0%| F|  |TAMS 0x0000000086400000, 0x0000000086400000| Untracked 
| 101|0x0000000086500000, 0x0000000086500000, 0x0000000086600000|  0%| F|  |TAMS 0x0000000086500000, 0x0000000086500000| Untracked 
| 102|0x0000000086600000, 0x0000000086600000, 0x0000000086700000|  0%| F|  |TAMS 0x0000000086600000, 0x0000000086600000| Untracked 
| 103|0x0000000086700000, 0x0000000086700000, 0x0000000086800000|  0%| F|  |TAMS 0x0000000086700000, 0x0000000086700000| Untracked 
| 104|0x0000000086800000, 0x0000000086900000, 0x0000000086900000|100%| E|  |TAMS 0x0000000086800000, 0x0000000086800000| Complete 
| 105|0x0000000086900000, 0x0000000086a00000, 0x0000000086a00000|100%| E|CS|TAMS 0x0000000086900000, 0x0000000086900000| Complete 
| 106|0x0000000086a00000, 0x0000000086b00000, 0x0000000086b00000|100%| E|CS|TAMS 0x0000000086a00000, 0x0000000086a00000| Complete 
| 107|0x0000000086b00000, 0x0000000086c00000, 0x0000000086c00000|100%| E|CS|TAMS 0x0000000086b00000, 0x0000000086b00000| Complete 
| 108|0x0000000086c00000, 0x0000000086d00000, 0x0000000086d00000|100%| E|CS|TAMS 0x0000000086c00000, 0x0000000086c00000| Complete 
| 109|0x0000000086d00000, 0x0000000086e00000, 0x0000000086e00000|100%| E|CS|TAMS 0x0000000086d00000, 0x0000000086d00000| Complete 
| 110|0x0000000086e00000, 0x0000000086f00000, 0x0000000086f00000|100%| E|CS|TAMS 0x0000000086e00000, 0x0000000086e00000| Complete 
| 111|0x0000000086f00000, 0x0000000087000000, 0x0000000087000000|100%| E|CS|TAMS 0x0000000086f00000, 0x0000000086f00000| Complete 
| 112|0x0000000087000000, 0x0000000087100000, 0x0000000087100000|100%| E|CS|TAMS 0x0000000087000000, 0x0000000087000000| Complete 
| 113|0x0000000087100000, 0x0000000087200000, 0x0000000087200000|100%| E|CS|TAMS 0x0000000087100000, 0x0000000087100000| Complete 
| 114|0x0000000087200000, 0x0000000087300000, 0x0000000087300000|100%| E|CS|TAMS 0x0000000087200000, 0x0000000087200000| Complete 
| 115|0x0000000087300000, 0x0000000087400000, 0x0000000087400000|100%| E|CS|TAMS 0x0000000087300000, 0x0000000087300000| Complete 
| 116|0x0000000087400000, 0x0000000087500000, 0x0000000087500000|100%| E|CS|TAMS 0x0000000087400000, 0x0000000087400000| Complete 
| 117|0x0000000087500000, 0x0000000087600000, 0x0000000087600000|100%| E|CS|TAMS 0x0000000087500000, 0x0000000087500000| Complete 
| 118|0x0000000087600000, 0x0000000087700000, 0x0000000087700000|100%| E|CS|TAMS 0x0000000087600000, 0x0000000087600000| Complete 
| 119|0x0000000087700000, 0x0000000087800000, 0x0000000087800000|100%| E|CS|TAMS 0x0000000087700000, 0x0000000087700000| Complete 
| 120|0x0000000087800000, 0x0000000087900000, 0x0000000087900000|100%| E|CS|TAMS 0x0000000087800000, 0x0000000087800000| Complete 
| 121|0x0000000087900000, 0x0000000087a00000, 0x0000000087a00000|100%| E|CS|TAMS 0x0000000087900000, 0x0000000087900000| Complete 
| 122|0x0000000087a00000, 0x0000000087b00000, 0x0000000087b00000|100%| E|CS|TAMS 0x0000000087a00000, 0x0000000087a00000| Complete 
| 123|0x0000000087b00000, 0x0000000087c00000, 0x0000000087c00000|100%| E|CS|TAMS 0x0000000087b00000, 0x0000000087b00000| Complete 
| 124|0x0000000087c00000, 0x0000000087d00000, 0x0000000087d00000|100%| E|CS|TAMS 0x0000000087c00000, 0x0000000087c00000| Complete 
| 125|0x0000000087d00000, 0x0000000087e00000, 0x0000000087e00000|100%| E|CS|TAMS 0x0000000087d00000, 0x0000000087d00000| Complete 
| 126|0x0000000087e00000, 0x0000000087f00000, 0x0000000087f00000|100%| E|CS|TAMS 0x0000000087e00000, 0x0000000087e00000| Complete 
| 127|0x0000000087f00000, 0x0000000088000000, 0x0000000088000000|100%| E|CS|TAMS 0x0000000087f00000, 0x0000000087f00000| Complete 
| 128|0x0000000088000000, 0x0000000088100000, 0x0000000088100000|100%| E|CS|TAMS 0x0000000088000000, 0x0000000088000000| Complete 
| 129|0x0000000088100000, 0x0000000088200000, 0x0000000088200000|100%| E|CS|TAMS 0x0000000088100000, 0x0000000088100000| Complete 
| 130|0x0000000088200000, 0x0000000088300000, 0x0000000088300000|100%| E|CS|TAMS 0x0000000088200000, 0x0000000088200000| Complete 
| 131|0x0000000088300000, 0x0000000088400000, 0x0000000088400000|100%| E|CS|TAMS 0x0000000088300000, 0x0000000088300000| Complete 
| 132|0x0000000088400000, 0x0000000088500000, 0x0000000088500000|100%| E|  |TAMS 0x0000000088400000, 0x0000000088400000| Complete 
| 133|0x0000000088500000, 0x0000000088600000, 0x0000000088600000|100%| E|CS|TAMS 0x0000000088500000, 0x0000000088500000| Complete 
| 134|0x0000000088600000, 0x0000000088700000, 0x0000000088700000|100%| E|CS|TAMS 0x0000000088600000, 0x0000000088600000| Complete 
| 135|0x0000000088700000, 0x0000000088800000, 0x0000000088800000|100%| E|CS|TAMS 0x0000000088700000, 0x0000000088700000| Complete 
| 136|0x0000000088800000, 0x0000000088900000, 0x0000000088900000|100%| E|CS|TAMS 0x0000000088800000, 0x0000000088800000| Complete 
| 137|0x0000000088900000, 0x0000000088a00000, 0x0000000088a00000|100%| E|CS|TAMS 0x0000000088900000, 0x0000000088900000| Complete 
| 138|0x0000000088a00000, 0x0000000088b00000, 0x0000000088b00000|100%| E|CS|TAMS 0x0000000088a00000, 0x0000000088a00000| Complete 
| 139|0x0000000088b00000, 0x0000000088c00000, 0x0000000088c00000|100%| E|CS|TAMS 0x0000000088b00000, 0x0000000088b00000| Complete 
| 140|0x0000000088c00000, 0x0000000088d00000, 0x0000000088d00000|100%| E|CS|TAMS 0x0000000088c00000, 0x0000000088c00000| Complete 
| 141|0x0000000088d00000, 0x0000000088e00000, 0x0000000088e00000|100%| E|CS|TAMS 0x0000000088d00000, 0x0000000088d00000| Complete 
| 142|0x0000000088e00000, 0x0000000088f00000, 0x0000000088f00000|100%| E|CS|TAMS 0x0000000088e00000, 0x0000000088e00000| Complete 
| 143|0x0000000088f00000, 0x0000000089000000, 0x0000000089000000|100%| E|CS|TAMS 0x0000000088f00000, 0x0000000088f00000| Complete 
| 144|0x0000000089000000, 0x0000000089100000, 0x0000000089100000|100%| E|CS|TAMS 0x0000000089000000, 0x0000000089000000| Complete 
| 145|0x0000000089100000, 0x0000000089200000, 0x0000000089200000|100%| E|CS|TAMS 0x0000000089100000, 0x0000000089100000| Complete 
| 146|0x0000000089200000, 0x0000000089300000, 0x0000000089300000|100%| E|CS|TAMS 0x0000000089200000, 0x0000000089200000| Complete 
| 147|0x0000000089300000, 0x0000000089400000, 0x0000000089400000|100%| E|CS|TAMS 0x0000000089300000, 0x0000000089300000| Complete 
| 148|0x0000000089400000, 0x0000000089500000, 0x0000000089500000|100%| E|CS|TAMS 0x0000000089400000, 0x0000000089400000| Complete 
| 149|0x0000000089500000, 0x0000000089600000, 0x0000000089600000|100%| E|CS|TAMS 0x0000000089500000, 0x0000000089500000| Complete 
| 150|0x0000000089600000, 0x0000000089700000, 0x0000000089700000|100%| E|CS|TAMS 0x0000000089600000, 0x0000000089600000| Complete 
| 151|0x0000000089700000, 0x0000000089800000, 0x0000000089800000|100%| E|CS|TAMS 0x0000000089700000, 0x0000000089700000| Complete 
| 152|0x0000000089800000, 0x0000000089900000, 0x0000000089900000|100%| E|CS|TAMS 0x0000000089800000, 0x0000000089800000| Complete 
| 153|0x0000000089900000, 0x0000000089a00000, 0x0000000089a00000|100%| E|CS|TAMS 0x0000000089900000, 0x0000000089900000| Complete 
| 154|0x0000000089a00000, 0x0000000089b00000, 0x0000000089b00000|100%| E|CS|TAMS 0x0000000089a00000, 0x0000000089a00000| Complete 
| 155|0x0000000089b00000, 0x0000000089c00000, 0x0000000089c00000|100%| E|CS|TAMS 0x0000000089b00000, 0x0000000089b00000| Complete 
| 156|0x0000000089c00000, 0x0000000089d00000, 0x0000000089d00000|100%| E|CS|TAMS 0x0000000089c00000, 0x0000000089c00000| Complete 
| 157|0x0000000089d00000, 0x0000000089e00000, 0x0000000089e00000|100%| E|CS|TAMS 0x0000000089d00000, 0x0000000089d00000| Complete 
| 158|0x0000000089e00000, 0x0000000089f00000, 0x0000000089f00000|100%| E|CS|TAMS 0x0000000089e00000, 0x0000000089e00000| Complete 
| 159|0x0000000089f00000, 0x000000008a000000, 0x000000008a000000|100%| E|CS|TAMS 0x0000000089f00000, 0x0000000089f00000| Complete 
| 160|0x000000008a000000, 0x000000008a100000, 0x000000008a100000|100%| E|CS|TAMS 0x000000008a000000, 0x000000008a000000| Complete 
| 161|0x000000008a100000, 0x000000008a200000, 0x000000008a200000|100%| E|CS|TAMS 0x000000008a100000, 0x000000008a100000| Complete 
| 162|0x000000008a200000, 0x000000008a300000, 0x000000008a300000|100%| E|CS|TAMS 0x000000008a200000, 0x000000008a200000| Complete 
| 163|0x000000008a300000, 0x000000008a400000, 0x000000008a400000|100%| E|CS|TAMS 0x000000008a300000, 0x000000008a300000| Complete 
| 164|0x000000008a400000, 0x000000008a500000, 0x000000008a500000|100%| E|CS|TAMS 0x000000008a400000, 0x000000008a400000| Complete 
| 165|0x000000008a500000, 0x000000008a600000, 0x000000008a600000|100%| E|CS|TAMS 0x000000008a500000, 0x000000008a500000| Complete 
| 166|0x000000008a600000, 0x000000008a700000, 0x000000008a700000|100%| E|CS|TAMS 0x000000008a600000, 0x000000008a600000| Complete 
| 167|0x000000008a700000, 0x000000008a800000, 0x000000008a800000|100%| E|CS|TAMS 0x000000008a700000, 0x000000008a700000| Complete 
| 168|0x000000008a800000, 0x000000008a900000, 0x000000008a900000|100%| E|CS|TAMS 0x000000008a800000, 0x000000008a800000| Complete 
| 169|0x000000008a900000, 0x000000008aa00000, 0x000000008aa00000|100%| E|CS|TAMS 0x000000008a900000, 0x000000008a900000| Complete 
| 170|0x000000008aa00000, 0x000000008ab00000, 0x000000008ab00000|100%| E|CS|TAMS 0x000000008aa00000, 0x000000008aa00000| Complete 
| 171|0x000000008ab00000, 0x000000008ac00000, 0x000000008ac00000|100%| E|CS|TAMS 0x000000008ab00000, 0x000000008ab00000| Complete 
| 172|0x000000008ac00000, 0x000000008ad00000, 0x000000008ad00000|100%| E|CS|TAMS 0x000000008ac00000, 0x000000008ac00000| Complete 
| 173|0x000000008ad00000, 0x000000008ae00000, 0x000000008ae00000|100%| E|CS|TAMS 0x000000008ad00000, 0x000000008ad00000| Complete 
| 174|0x000000008ae00000, 0x000000008af00000, 0x000000008af00000|100%| E|CS|TAMS 0x000000008ae00000, 0x000000008ae00000| Complete 
| 175|0x000000008af00000, 0x000000008b000000, 0x000000008b000000|100%| E|CS|TAMS 0x000000008af00000, 0x000000008af00000| Complete 
| 176|0x000000008b000000, 0x000000008b100000, 0x000000008b100000|100%| E|CS|TAMS 0x000000008b000000, 0x000000008b000000| Complete 
| 177|0x000000008b100000, 0x000000008b200000, 0x000000008b200000|100%| E|CS|TAMS 0x000000008b100000, 0x000000008b100000| Complete 
| 178|0x000000008b200000, 0x000000008b300000, 0x000000008b300000|100%| E|CS|TAMS 0x000000008b200000, 0x000000008b200000| Complete 
| 179|0x000000008b300000, 0x000000008b400000, 0x000000008b400000|100%| E|CS|TAMS 0x000000008b300000, 0x000000008b300000| Complete 
| 180|0x000000008b400000, 0x000000008b500000, 0x000000008b500000|100%| E|CS|TAMS 0x000000008b400000, 0x000000008b400000| Complete 
| 181|0x000000008b500000, 0x000000008b600000, 0x000000008b600000|100%| E|CS|TAMS 0x000000008b500000, 0x000000008b500000| Complete 
| 182|0x000000008b600000, 0x000000008b700000, 0x000000008b700000|100%| E|CS|TAMS 0x000000008b600000, 0x000000008b600000| Complete 
| 183|0x000000008b700000, 0x000000008b800000, 0x000000008b800000|100%| E|CS|TAMS 0x000000008b700000, 0x000000008b700000| Complete 
| 184|0x000000008b800000, 0x000000008b900000, 0x000000008b900000|100%| E|CS|TAMS 0x000000008b800000, 0x000000008b800000| Complete 
| 185|0x000000008b900000, 0x000000008ba00000, 0x000000008ba00000|100%| E|CS|TAMS 0x000000008b900000, 0x000000008b900000| Complete 
| 186|0x000000008ba00000, 0x000000008bb00000, 0x000000008bb00000|100%| E|CS|TAMS 0x000000008ba00000, 0x000000008ba00000| Complete 
| 187|0x000000008bb00000, 0x000000008bc00000, 0x000000008bc00000|100%| E|CS|TAMS 0x000000008bb00000, 0x000000008bb00000| Complete 
| 188|0x000000008bc00000, 0x000000008bd00000, 0x000000008bd00000|100%| E|CS|TAMS 0x000000008bc00000, 0x000000008bc00000| Complete 
| 189|0x000000008bd00000, 0x000000008be00000, 0x000000008be00000|100%| E|CS|TAMS 0x000000008bd00000, 0x000000008bd00000| Complete 
| 190|0x000000008be00000, 0x000000008bf00000, 0x000000008bf00000|100%| E|CS|TAMS 0x000000008be00000, 0x000000008be00000| Complete 
| 191|0x000000008bf00000, 0x000000008c000000, 0x000000008c000000|100%| E|CS|TAMS 0x000000008bf00000, 0x000000008bf00000| Complete 
| 192|0x000000008c000000, 0x000000008c100000, 0x000000008c100000|100%| E|CS|TAMS 0x000000008c000000, 0x000000008c000000| Complete 
| 193|0x000000008c100000, 0x000000008c200000, 0x000000008c200000|100%| E|CS|TAMS 0x000000008c100000, 0x000000008c100000| Complete 
| 194|0x000000008c200000, 0x000000008c300000, 0x000000008c300000|100%| E|CS|TAMS 0x000000008c200000, 0x000000008c200000| Complete 
| 195|0x000000008c300000, 0x000000008c400000, 0x000000008c400000|100%| E|CS|TAMS 0x000000008c300000, 0x000000008c300000| Complete 
| 196|0x000000008c400000, 0x000000008c500000, 0x000000008c500000|100%| E|CS|TAMS 0x000000008c400000, 0x000000008c400000| Complete 
| 197|0x000000008c500000, 0x000000008c600000, 0x000000008c600000|100%| E|CS|TAMS 0x000000008c500000, 0x000000008c500000| Complete 
| 198|0x000000008c600000, 0x000000008c700000, 0x000000008c700000|100%| E|CS|TAMS 0x000000008c600000, 0x000000008c600000| Complete 
| 199|0x000000008c700000, 0x000000008c800000, 0x000000008c800000|100%| E|CS|TAMS 0x000000008c700000, 0x000000008c700000| Complete 
| 200|0x000000008c800000, 0x000000008c900000, 0x000000008c900000|100%| E|CS|TAMS 0x000000008c800000, 0x000000008c800000| Complete 
| 201|0x000000008c900000, 0x000000008ca00000, 0x000000008ca00000|100%| E|CS|TAMS 0x000000008c900000, 0x000000008c900000| Complete 
| 202|0x000000008ca00000, 0x000000008cb00000, 0x000000008cb00000|100%| E|CS|TAMS 0x000000008ca00000, 0x000000008ca00000| Complete 
| 203|0x000000008cb00000, 0x000000008cc00000, 0x000000008cc00000|100%| E|CS|TAMS 0x000000008cb00000, 0x000000008cb00000| Complete 
| 204|0x000000008cc00000, 0x000000008cd00000, 0x000000008cd00000|100%| E|CS|TAMS 0x000000008cc00000, 0x000000008cc00000| Complete 
| 205|0x000000008cd00000, 0x000000008ce00000, 0x000000008ce00000|100%| E|CS|TAMS 0x000000008cd00000, 0x000000008cd00000| Complete 
| 206|0x000000008ce00000, 0x000000008cf00000, 0x000000008cf00000|100%| E|CS|TAMS 0x000000008ce00000, 0x000000008ce00000| Complete 
| 207|0x000000008cf00000, 0x000000008d000000, 0x000000008d000000|100%| E|CS|TAMS 0x000000008cf00000, 0x000000008cf00000| Complete 
| 208|0x000000008d000000, 0x000000008d100000, 0x000000008d100000|100%| S|CS|TAMS 0x000000008d000000, 0x000000008d000000| Complete 
| 209|0x000000008d100000, 0x000000008d200000, 0x000000008d200000|100%| S|CS|TAMS 0x000000008d100000, 0x000000008d100000| Complete 
| 210|0x000000008d200000, 0x000000008d300000, 0x000000008d300000|100%| S|CS|TAMS 0x000000008d200000, 0x000000008d200000| Complete 
| 211|0x000000008d300000, 0x000000008d400000, 0x000000008d400000|100%| S|CS|TAMS 0x000000008d300000, 0x000000008d300000| Complete 
| 212|0x000000008d400000, 0x000000008d500000, 0x000000008d500000|100%| S|CS|TAMS 0x000000008d400000, 0x000000008d400000| Complete 
| 213|0x000000008d500000, 0x000000008d600000, 0x000000008d600000|100%| E|CS|TAMS 0x000000008d500000, 0x000000008d500000| Complete 
| 214|0x000000008d600000, 0x000000008d700000, 0x000000008d700000|100%| E|CS|TAMS 0x000000008d600000, 0x000000008d600000| Complete 
| 215|0x000000008d700000, 0x000000008d800000, 0x000000008d800000|100%| E|CS|TAMS 0x000000008d700000, 0x000000008d700000| Complete 
| 216|0x000000008d800000, 0x000000008d900000, 0x000000008d900000|100%| E|CS|TAMS 0x000000008d800000, 0x000000008d800000| Complete 
| 217|0x000000008d900000, 0x000000008da00000, 0x000000008da00000|100%| E|CS|TAMS 0x000000008d900000, 0x000000008d900000| Complete 
| 218|0x000000008da00000, 0x000000008db00000, 0x000000008db00000|100%| E|CS|TAMS 0x000000008da00000, 0x000000008da00000| Complete 
| 219|0x000000008db00000, 0x000000008dc00000, 0x000000008dc00000|100%| E|CS|TAMS 0x000000008db00000, 0x000000008db00000| Complete 
| 220|0x000000008dc00000, 0x000000008dd00000, 0x000000008dd00000|100%| E|CS|TAMS 0x000000008dc00000, 0x000000008dc00000| Complete 
| 221|0x000000008dd00000, 0x000000008de00000, 0x000000008de00000|100%| E|CS|TAMS 0x000000008dd00000, 0x000000008dd00000| Complete 
| 222|0x000000008de00000, 0x000000008df00000, 0x000000008df00000|100%| E|CS|TAMS 0x000000008de00000, 0x000000008de00000| Complete 
| 223|0x000000008df00000, 0x000000008e000000, 0x000000008e000000|100%| E|CS|TAMS 0x000000008df00000, 0x000000008df00000| Complete 
| 224|0x000000008e000000, 0x000000008e100000, 0x000000008e100000|100%| E|CS|TAMS 0x000000008e000000, 0x000000008e000000| Complete 
| 225|0x000000008e100000, 0x000000008e200000, 0x000000008e200000|100%| E|CS|TAMS 0x000000008e100000, 0x000000008e100000| Complete 
| 226|0x000000008e200000, 0x000000008e300000, 0x000000008e300000|100%| E|CS|TAMS 0x000000008e200000, 0x000000008e200000| Complete 
| 227|0x000000008e300000, 0x000000008e400000, 0x000000008e400000|100%| E|CS|TAMS 0x000000008e300000, 0x000000008e300000| Complete 
| 228|0x000000008e400000, 0x000000008e500000, 0x000000008e500000|100%| E|CS|TAMS 0x000000008e400000, 0x000000008e400000| Complete 
| 229|0x000000008e500000, 0x000000008e600000, 0x000000008e600000|100%| E|CS|TAMS 0x000000008e500000, 0x000000008e500000| Complete 
| 230|0x000000008e600000, 0x000000008e700000, 0x000000008e700000|100%| E|CS|TAMS 0x000000008e600000, 0x000000008e600000| Complete 
| 231|0x000000008e700000, 0x000000008e800000, 0x000000008e800000|100%| E|CS|TAMS 0x000000008e700000, 0x000000008e700000| Complete 
| 232|0x000000008e800000, 0x000000008e900000, 0x000000008e900000|100%| E|CS|TAMS 0x000000008e800000, 0x000000008e800000| Complete 
| 233|0x000000008e900000, 0x000000008ea00000, 0x000000008ea00000|100%| E|CS|TAMS 0x000000008e900000, 0x000000008e900000| Complete 
| 234|0x000000008ea00000, 0x000000008eb00000, 0x000000008eb00000|100%| E|CS|TAMS 0x000000008ea00000, 0x000000008ea00000| Complete 
| 235|0x000000008eb00000, 0x000000008ec00000, 0x000000008ec00000|100%| E|CS|TAMS 0x000000008eb00000, 0x000000008eb00000| Complete 
| 236|0x000000008ec00000, 0x000000008ed00000, 0x000000008ed00000|100%| E|CS|TAMS 0x000000008ec00000, 0x000000008ec00000| Complete 
| 237|0x000000008ed00000, 0x000000008ee00000, 0x000000008ee00000|100%| E|CS|TAMS 0x000000008ed00000, 0x000000008ed00000| Complete 
| 238|0x000000008ee00000, 0x000000008ef00000, 0x000000008ef00000|100%| E|CS|TAMS 0x000000008ee00000, 0x000000008ee00000| Complete 
| 239|0x000000008ef00000, 0x000000008f000000, 0x000000008f000000|100%| E|CS|TAMS 0x000000008ef00000, 0x000000008ef00000| Complete 
| 240|0x000000008f000000, 0x000000008f100000, 0x000000008f100000|100%| E|CS|TAMS 0x000000008f000000, 0x000000008f000000| Complete 
| 241|0x000000008f100000, 0x000000008f200000, 0x000000008f200000|100%| E|CS|TAMS 0x000000008f100000, 0x000000008f100000| Complete 
| 242|0x000000008f200000, 0x000000008f300000, 0x000000008f300000|100%| E|CS|TAMS 0x000000008f200000, 0x000000008f200000| Complete 
| 243|0x000000008f300000, 0x000000008f400000, 0x000000008f400000|100%| E|CS|TAMS 0x000000008f300000, 0x000000008f300000| Complete 
| 244|0x000000008f400000, 0x000000008f500000, 0x000000008f500000|100%| E|CS|TAMS 0x000000008f400000, 0x000000008f400000| Complete 
| 245|0x000000008f500000, 0x000000008f600000, 0x000000008f600000|100%| E|CS|TAMS 0x000000008f500000, 0x000000008f500000| Complete 
| 246|0x000000008f600000, 0x000000008f700000, 0x000000008f700000|100%| E|CS|TAMS 0x000000008f600000, 0x000000008f600000| Complete 
| 247|0x000000008f700000, 0x000000008f800000, 0x000000008f800000|100%| E|CS|TAMS 0x000000008f700000, 0x000000008f700000| Complete 
| 248|0x000000008f800000, 0x000000008f900000, 0x000000008f900000|100%| E|CS|TAMS 0x000000008f800000, 0x000000008f800000| Complete 
| 249|0x000000008f900000, 0x000000008fa00000, 0x000000008fa00000|100%| E|CS|TAMS 0x000000008f900000, 0x000000008f900000| Complete 
| 250|0x000000008fa00000, 0x000000008fb00000, 0x000000008fb00000|100%| E|CS|TAMS 0x000000008fa00000, 0x000000008fa00000| Complete 
| 251|0x000000008fb00000, 0x000000008fc00000, 0x000000008fc00000|100%| E|CS|TAMS 0x000000008fb00000, 0x000000008fb00000| Complete 

Card table byte_map: [0x0000020918ea0000,0x00000209192a0000] _byte_map_base: 0x0000020918aa0000

Marking Bits (Prev, Next): (CMBitMap*) 0x00000209023ae6b0, (CMBitMap*) 0x00000209023ae6f0
 Prev Bits: [0x00000209196a0000, 0x000002091b6a0000)
 Next Bits: [0x000002091b6a0000, 0x000002091d6a0000)

Polling page: 0x00000209022e0000

Metaspace:

Usage:
  Non-class:     16.96 MB used.
      Class:      2.73 MB used.
       Both:     19.69 MB used.

Virtual space:
  Non-class space:       64.00 MB reserved,      17.12 MB ( 27%) committed,  1 nodes.
      Class space:        1.00 GB reserved,       2.88 MB ( <1%) committed,  1 nodes.
             Both:        1.06 GB reserved,      20.00 MB (  2%) committed. 

Chunk freelists:
   Non-Class:  14.67 MB
       Class:  13.13 MB
        Both:  27.80 MB

MaxMetaspaceSize: unlimited
CompressedClassSpaceSize: 1.00 GB
Initial GC threshold: 21.00 MB
Current GC threshold: 21.00 MB
CDS: on
MetaspaceReclaimPolicy: balanced
 - commit_granule_bytes: 65536.
 - commit_granule_words: 8192.
 - virtual_space_node_default_size: 8388608.
 - enlarge_chunks_in_place: 1.
 - new_chunks_are_fully_committed: 0.
 - uncommit_free_chunks: 1.
 - use_allocation_guard: 0.
 - handle_deallocations: 1.


Internal statistics:

num_allocs_failed_limit: 0.
num_arena_births: 210.
num_arena_deaths: 0.
num_vsnodes_births: 2.
num_vsnodes_deaths: 0.
num_space_committed: 320.
num_space_uncommitted: 0.
num_chunks_returned_to_freelist: 0.
num_chunks_taken_from_freelist: 928.
num_chunk_merges: 0.
num_chunk_splits: 619.
num_chunks_enlarged: 457.
num_inconsistent_stats: 0.

CodeHeap 'non-profiled nmethods': size=119168Kb used=1377Kb max_used=1377Kb free=117790Kb
 bounds [0x0000020910690000, 0x0000020910900000, 0x0000020917af0000]
CodeHeap 'profiled nmethods': size=119104Kb used=5502Kb max_used=5502Kb free=113601Kb
 bounds [0x0000020908af0000, 0x0000020909050000, 0x000002090ff40000]
CodeHeap 'non-nmethods': size=7488Kb used=1806Kb max_used=2888Kb free=5681Kb
 bounds [0x000002090ff40000, 0x0000020910220000, 0x0000020910690000]
 total_blobs=3205 nmethods=2653 adapters=463
 compilation: enabled
              stopped_count=0, restarted_count=0
 full_count=0

Compilation events (20 events):
Event: 4.701 Thread 0x000002096837c580 nmethod 2650 0x000002090904a090 code [0x000002090904a240, 0x000002090904a5f8]
Event: 4.702 Thread 0x00000209202f8140 nmethod 2652 0x000002090904a710 code [0x000002090904a940, 0x000002090904b218]
Event: 4.731 Thread 0x00000209202f8140 2653       3       jdk.internal.org.objectweb.asm.Frame::addInitializedType (77 bytes)
Event: 4.731 Thread 0x000002096837c580 2655       3       java.lang.ClassLoader::getClassLoader (11 bytes)
Event: 4.731 Thread 0x00000209202f8140 nmethod 2653 0x000002090904b490 code [0x000002090904b660, 0x000002090904bb88]
Event: 4.731 Thread 0x00000209202f8140 2654       3       java.lang.Class::forName (15 bytes)
Event: 4.731 Thread 0x000002096837c580 nmethod 2655 0x000002090904bd10 code [0x000002090904bea0, 0x000002090904c018]
Event: 4.731 Thread 0x00000209202f8140 nmethod 2654 0x000002090904c110 code [0x000002090904c2c0, 0x000002090904c4d8]
Event: 4.732 Thread 0x000002096837c580 2656       3       jdk.internal.org.objectweb.asm.MethodWriter::visitAnnotation (40 bytes)
Event: 4.732 Thread 0x00000209202f8140 2657       3       jdk.internal.org.objectweb.asm.AnnotationWriter::create (34 bytes)
Event: 4.732 Thread 0x000002096837c580 nmethod 2656 0x000002090904c610 code [0x000002090904c7c0, 0x000002090904ca78]
Event: 4.732 Thread 0x00000209202f8140 nmethod 2657 0x000002090904cb10 code [0x000002090904cd00, 0x000002090904d1b8]
Event: 4.732 Thread 0x00000209202f8140 2658       3       jdk.internal.org.objectweb.asm.AnnotationWriter::<init> (60 bytes)
Event: 4.732 Thread 0x000002096837c580 2659       3       jdk.internal.org.objectweb.asm.AnnotationVisitor::<init> (7 bytes)
Event: 4.732 Thread 0x000002096837c580 nmethod 2659 0x000002090904d390 code [0x000002090904d540, 0x000002090904d688]
Event: 4.732 Thread 0x000002096837c580 2660       3       jdk.internal.org.objectweb.asm.AnnotationVisitor::<init> (88 bytes)
Event: 4.732 Thread 0x00000209202f8140 nmethod 2658 0x000002090904d710 code [0x000002090904d8e0, 0x000002090904dce8]
Event: 4.732 Thread 0x00000209202f8140 2661       3       jdk.internal.org.objectweb.asm.AnnotationWriter::visitEnd (44 bytes)
Event: 4.732 Thread 0x00000209202f8140 nmethod 2661 0x000002090904de90 code [0x000002090904e020, 0x000002090904e1b8]
Event: 4.733 Thread 0x000002096837c580 nmethod 2660 0x000002090904e310 code [0x000002090904e560, 0x000002090904ee48]

GC Heap History (4 events):
Event: 0.631 GC heap before
{Heap before GC invocations=0 (full 0):
 garbage-first heap   total 258048K, used 22528K [0x0000000080000000, 0x0000000100000000)
  region size 1024K, 23 young (23552K), 0 survivors (0K)
 Metaspace       used 835K, committed 960K, reserved 1114112K
  class space    used 64K, committed 128K, reserved 1048576K
}
Event: 0.633 GC heap after
{Heap after GC invocations=1 (full 0):
 garbage-first heap   total 258048K, used 1578K [0x0000000080000000, 0x0000000100000000)
  region size 1024K, 2 young (2048K), 2 survivors (2048K)
 Metaspace       used 835K, committed 960K, reserved 1114112K
  class space    used 64K, committed 128K, reserved 1048576K
}
Event: 1.382 GC heap before
{Heap before GC invocations=1 (full 0):
 garbage-first heap   total 258048K, used 42538K [0x0000000080000000, 0x0000000100000000)
  region size 1024K, 39 young (39936K), 2 survivors (2048K)
 Metaspace       used 4533K, committed 4672K, reserved 1114112K
  class space    used 575K, committed 640K, reserved 1048576K
}
Event: 1.387 GC heap after
{Heap after GC invocations=2 (full 0):
 garbage-first heap   total 258048K, used 11858K [0x0000000080000000, 0x0000000100000000)
  region size 1024K, 5 young (5120K), 5 survivors (5120K)
 Metaspace       used 4533K, committed 4672K, reserved 1114112K
  class space    used 575K, committed 640K, reserved 1048576K
}

Dll operation events (14 events):
Event: 0.013 Loaded shared library C:\Program Files\Eclipse Adoptium\jre-17.0.8.101-hotspot\bin\java.dll
Event: 0.359 Loaded shared library C:\Program Files\Eclipse Adoptium\jre-17.0.8.101-hotspot\bin\jsvml.dll
Event: 0.402 Loaded shared library C:\Program Files\Eclipse Adoptium\jre-17.0.8.101-hotspot\bin\zip.dll
Event: 0.405 Loaded shared library C:\Program Files\Eclipse Adoptium\jre-17.0.8.101-hotspot\bin\instrument.dll
Event: 0.409 Loaded shared library C:\Program Files\Eclipse Adoptium\jre-17.0.8.101-hotspot\bin\net.dll
Event: 0.410 Loaded shared library C:\Program Files\Eclipse Adoptium\jre-17.0.8.101-hotspot\bin\nio.dll
Event: 0.412 Loaded shared library C:\Program Files\Eclipse Adoptium\jre-17.0.8.101-hotspot\bin\zip.dll
Event: 0.638 Loaded shared library C:\Program Files\Eclipse Adoptium\jre-17.0.8.101-hotspot\bin\jimage.dll
Event: 0.861 Loaded shared library C:\Program Files\Eclipse Adoptium\jre-17.0.8.101-hotspot\bin\verify.dll
Event: 0.906 Loaded shared library C:\Users\User\.gradle\native\660c5614fbf4a5f2a75b1949f50a0caf5cd603558e7d8a26e50b933a0cfb79d1\windows-amd64\native-platform.dll
Event: 0.933 Loaded shared library C:\Users\User\.gradle\native\0.2.8\x86_64-windows-gnu\gradle-fileevents.dll
Event: 2.118 Loaded shared library C:\Program Files\Eclipse Adoptium\jre-17.0.8.101-hotspot\bin\management.dll
Event: 2.121 Loaded shared library C:\Program Files\Eclipse Adoptium\jre-17.0.8.101-hotspot\bin\management_ext.dll
Event: 3.301 Loaded shared library C:\Program Files\Eclipse Adoptium\jre-17.0.8.101-hotspot\bin\sunmscapi.dll

Deoptimization events (20 events):
Event: 3.940 Thread 0x00000209680c2030 DEOPT PACKING pc=0x000002091077ecf4 sp=0x0000007ff36fa260
Event: 3.940 Thread 0x00000209680c2030 DEOPT UNPACKING pc=0x000002090ff969a3 sp=0x0000007ff36fa168 mode 2
Event: 3.979 Thread 0x00000209680c2030 Uncommon trap: trap_request=0xffffff45 fr.pc=0x00000209106ac01c relative=0x0000000000000a9c
Event: 3.979 Thread 0x00000209680c2030 Uncommon trap: reason=unstable_if action=reinterpret pc=0x00000209106ac01c method=java.io.WinNTFileSystem.resolve(Ljava/lang/String;Ljava/lang/String;)Ljava/lang/String; @ 19 c2
Event: 3.979 Thread 0x00000209680c2030 DEOPT PACKING pc=0x00000209106ac01c sp=0x0000007ff36faea0
Event: 3.979 Thread 0x00000209680c2030 DEOPT UNPACKING pc=0x000002090ff969a3 sp=0x0000007ff36fae48 mode 2
Event: 3.980 Thread 0x00000209680c2030 Uncommon trap: trap_request=0xffffff45 fr.pc=0x00000209106bac34 relative=0x0000000000000594
Event: 3.980 Thread 0x00000209680c2030 Uncommon trap: reason=unstable_if action=reinterpret pc=0x00000209106bac34 method=java.io.File.getName()Ljava/lang/String; @ 16 c2
Event: 3.980 Thread 0x00000209680c2030 DEOPT PACKING pc=0x00000209106bac34 sp=0x0000007ff36fae50
Event: 3.980 Thread 0x00000209680c2030 DEOPT UNPACKING pc=0x000002090ff969a3 sp=0x0000007ff36fae20 mode 2
Event: 4.037 Thread 0x00000209680c2030 Uncommon trap: trap_request=0xffffff45 fr.pc=0x00000209106b6bf8 relative=0x00000000000000d8
Event: 4.037 Thread 0x00000209680c2030 Uncommon trap: reason=unstable_if action=reinterpret pc=0x00000209106b6bf8 method=java.util.HashMap.hash(Ljava/lang/Object;)I @ 1 c2
Event: 4.037 Thread 0x00000209680c2030 DEOPT PACKING pc=0x00000209106b6bf8 sp=0x0000007ff36fbb90
Event: 4.037 Thread 0x00000209680c2030 DEOPT UNPACKING pc=0x000002090ff969a3 sp=0x0000007ff36fbad0 mode 2
Event: 4.227 Thread 0x00000209680c2030 DEOPT PACKING pc=0x0000020908f219c9 sp=0x0000007ff36fa8e0
Event: 4.227 Thread 0x00000209680c2030 DEOPT UNPACKING pc=0x000002090ff97143 sp=0x0000007ff36f9df0 mode 0
Event: 4.264 Thread 0x00000209680c2030 DEOPT PACKING pc=0x0000020908f219c9 sp=0x0000007ff36fb720
Event: 4.264 Thread 0x00000209680c2030 DEOPT UNPACKING pc=0x000002090ff97143 sp=0x0000007ff36fac30 mode 0
Event: 4.290 Thread 0x00000209680c2030 DEOPT PACKING pc=0x0000020908f219ea sp=0x0000007ff36f7f00
Event: 4.290 Thread 0x00000209680c2030 DEOPT UNPACKING pc=0x000002090ff97143 sp=0x0000007ff36f7410 mode 0

Classes unloaded (0 events):
No events

Classes redefined (0 events):
No events

Internal exceptions (20 events):
Event: 3.532 Thread 0x00000209680c2030 Exception <a 'java/lang/NoSuchMethodError'{0x000000008a3476f8}: 'void java.lang.invoke.DirectMethodHandle$Holder.invokeStatic(java.lang.Object, java.lang.Object)'> (0x000000008a3476f8) 
thrown [s\src\hotspot\share\interpreter\linkResolver.cpp, line 759]
Event: 3.582 Thread 0x00000209680c2030 Exception <a 'java/lang/NoSuchMethodError'{0x000000008a1e91d8}: 'int java.lang.invoke.DirectMethodHandle$Holder.invokeVirtual(java.lang.Object, java.lang.Object, java.lang.Object)'> (0x000000008a1e91d8) 
thrown [s\src\hotspot\share\interpreter\linkResolver.cpp, line 759]
Event: 3.626 Thread 0x00000209680c2030 Exception <a 'java/lang/NoSuchMethodError'{0x0000000089eb0a00}: 'java.lang.Object java.lang.invoke.DirectMethodHandle$Holder.newInvokeSpecial(java.lang.Object, java.lang.Object, java.lang.Object, java.lang.Object, java.lang.Object, java.lang.Object)'> (0x0000000089eb0a00) 
thrown [s\src\hotspot\share\interpreter\linkResolver.cpp, line 759]
Event: 3.678 Thread 0x00000209680c2030 Exception <a 'java/lang/NoSuchMethodError'{0x0000000089b97028}: 'void java.lang.invoke.DelegatingMethodHandle$Holder.reinvoke_L(java.lang.Object, java.lang.Object, java.lang.Object, java.lang.Object, java.lang.Object, java.lang.Object, java.lang.Object, java.lang.Object, java.lang.Object, java.lang.Object)'> (0x0000000089b97028) 
thrown [s\src\hotspot\share\interpreter\linkResolver.cpp, line 759]
Event: 3.678 Thread 0x00000209680c2030 Exception <a 'java/lang/NoSuchMethodError'{0x0000000089b9f498}: 'java.lang.Object java.lang.invoke.DirectMethodHandle$Holder.invokeSpecial(java.lang.Object, java.lang.Object, java.lang.Object, java.lang.Object, java.lang.Object, java.lang.Object, java.lang.Object, java.lang.Object, java.lang.Object, java.lang.Object)'> (0x0000000089b9f498) 
thrown [s\src\hotspot\share\interpreter\linkResolver.cpp, line 759]
Event: 3.679 Thread 0x00000209680c2030 Exception <a 'java/lang/NoSuchMethodError'{0x0000000089ba3d68}: 'java.lang.Object java.lang.invoke.Invokers$Holder.invoker(java.lang.Object, java.lang.Object, java.lang.Object, java.lang.Object, java.lang.Object, java.lang.Object, java.lang.Object, java.lang.Object, java.lang.Object, java.lang.Object)'> (0x0000000089ba3d68) 
thrown [s\src\hotspot\share\interpreter\linkResolver.cpp, line 759]
Event: 3.679 Thread 0x00000209680c2030 Exception <a 'java/lang/NoSuchMethodError'{0x0000000089ba9970}: 'java.lang.Object java.lang.invoke.DirectMethodHandle$Holder.invokeSpecial(java.lang.Object, java.lang.Object, java.lang.Object, java.lang.Object, java.lang.Object, java.lang.Object, java.lang.Object, java.lang.Object, java.lang.Object, java.lang.Object, java.lang.Object)'> (0x0000000089ba9970) 
thrown [s\src\hotspot\share\interpreter\linkResolver.cpp, line 759]
Event: 3.865 Thread 0x00000209680c2030 Exception <a 'java/lang/NoSuchMethodError'{0x0000000089223348}: 'java.lang.Object java.lang.invoke.DirectMethodHandle$Holder.newInvokeSpecial(java.lang.Object, java.lang.Object, int)'> (0x0000000089223348) 
thrown [s\src\hotspot\share\interpreter\linkResolver.cpp, line 759]
Event: 3.928 Thread 0x00000209680c2030 Exception <a 'java/lang/NoSuchMethodError'{0x0000000088f26ac8}: 'int java.lang.invoke.DirectMethodHandle$Holder.invokeStatic(java.lang.Object, java.lang.Object, int)'> (0x0000000088f26ac8) 
thrown [s\src\hotspot\share\interpreter\linkResolver.cpp, line 759]
Event: 3.988 Thread 0x00000209680c2030 Exception <a 'java/lang/NoSuchMethodError'{0x0000000088d96070}: 'void java.lang.invoke.DirectMethodHandle$Holder.invokeStatic(java.lang.Object, java.lang.Object, java.lang.Object, java.lang.Object)'> (0x0000000088d96070) 
thrown [s\src\hotspot\share\interpreter\linkResolver.cpp, line 759]
Event: 3.988 Thread 0x00000209680c2030 Exception <a 'java/lang/NoSuchMethodError'{0x0000000088d9a510}: 'void java.lang.invoke.DirectMethodHandle$Holder.invokeStaticInit(java.lang.Object, java.lang.Object, java.lang.Object, java.lang.Object)'> (0x0000000088d9a510) 
thrown [s\src\hotspot\share\interpreter\linkResolver.cpp, line 759]
Event: 3.996 Thread 0x00000209680c2030 Exception <a 'java/lang/NoSuchMethodError'{0x0000000088dff168}: 'java.lang.Object java.lang.invoke.DirectMethodHandle$Holder.invokeInterface(java.lang.Object, java.lang.Object, java.lang.Object)'> (0x0000000088dff168) 
thrown [s\src\hotspot\share\interpreter\linkResolver.cpp, line 759]
Event: 4.012 Thread 0x00000209680c2030 Exception <a 'java/lang/NoSuchMethodError'{0x0000000088ced820}: 'int java.lang.invoke.DirectMethodHandle$Holder.invokeSpecialIFC(java.lang.Object, java.lang.Object, java.lang.Object, java.lang.Object)'> (0x0000000088ced820) 
thrown [s\src\hotspot\share\interpreter\linkResolver.cpp, line 759]
Event: 4.013 Thread 0x00000209680c2030 Exception <a 'java/lang/IncompatibleClassChangeError'{0x0000000088cfc5b8}: Found class java.lang.Object, but interface was expected> (0x0000000088cfc5b8) 
thrown [s\src\hotspot\share\interpreter\linkResolver.cpp, line 826]
Event: 4.037 Thread 0x00000209680c2030 Implicit null exception at 0x00000209106b6b58 to 0x00000209106b6bee
Event: 4.390 Thread 0x00000209680c2030 Exception <a 'java/lang/NoSuchMethodError'{0x00000000878b11a0}: 'int java.lang.invoke.DirectMethodHandle$Holder.invokeStaticInit(java.lang.Object, java.lang.Object, java.lang.Object)'> (0x00000000878b11a0) 
thrown [s\src\hotspot\share\interpreter\linkResolver.cpp, line 759]
Event: 4.433 Thread 0x00000209680c2030 Exception <a 'java/lang/NoSuchMethodError'{0x0000000087558a68}: 'int java.lang.invoke.DirectMethodHandle$Holder.invokeStatic(java.lang.Object, java.lang.Object, java.lang.Object, java.lang.Object)'> (0x0000000087558a68) 
thrown [s\src\hotspot\share\interpreter\linkResolver.cpp, line 759]
Event: 4.433 Thread 0x00000209680c2030 Exception <a 'java/lang/NoSuchMethodError'{0x000000008755c690}: 'java.lang.Object java.lang.invoke.Invokers$Holder.invokeExact_MT(java.lang.Object, java.lang.Object, java.lang.Object, java.lang.Object, java.lang.Object, java.lang.Object)'> (0x000000008755c690) 
thrown [s\src\hotspot\share\interpreter\linkResolver.cpp, line 759]
Event: 4.731 Thread 0x00000209680c2030 Exception <a 'java/lang/NoSuchMethodError'{0x0000000086827b60}: 'void java.lang.invoke.DirectMethodHandle$Holder.invokeSpecial(java.lang.Object, java.lang.Object, java.lang.Object, java.lang.Object, java.lang.Object)'> (0x0000000086827b60) 
thrown [s\src\hotspot\share\interpreter\linkResolver.cpp, line 759]
Event: 4.732 Thread 0x00000209680c2030 Exception <a 'java/lang/NoSuchMethodError'{0x000000008682f4c0}: 'java.lang.Object java.lang.invoke.Invokers$Holder.invoker(java.lang.Object, java.lang.Object, java.lang.Object, java.lang.Object)'> (0x000000008682f4c0) 
thrown [s\src\hotspot\share\interpreter\linkResolver.cpp, line 759]

VM Operations (20 events):
Event: 2.169 Executing VM operation: HandshakeAllThreads done
Event: 2.408 Executing VM operation: HandshakeAllThreads
Event: 2.408 Executing VM operation: HandshakeAllThreads done
Event: 2.408 Executing VM operation: Cleanup
Event: 2.408 Executing VM operation: Cleanup done
Event: 3.100 Executing VM operation: HandshakeAllThreads
Event: 3.100 Executing VM operation: HandshakeAllThreads done
Event: 3.120 Executing VM operation: HandshakeAllThreads
Event: 3.120 Executing VM operation: HandshakeAllThreads done
Event: 3.181 Executing VM operation: HandshakeAllThreads
Event: 3.181 Executing VM operation: HandshakeAllThreads done
Event: 3.308 Executing VM operation: HandshakeAllThreads
Event: 3.308 Executing VM operation: HandshakeAllThreads done
Event: 3.875 Executing VM operation: ICBufferFull
Event: 3.875 Executing VM operation: ICBufferFull done
Event: 4.084 Executing VM operation: HandshakeAllThreads
Event: 4.084 Executing VM operation: HandshakeAllThreads done
Event: 4.085 Executing VM operation: HandshakeAllThreads
Event: 4.085 Executing VM operation: HandshakeAllThreads done
Event: 5.098 Executing VM operation: Cleanup

Events (20 events):
Event: 4.365 loading class java/io/ObjectStreamConstants done
Event: 4.365 loading class java/io/ObjectOutputStream done
Event: 4.366 loading class java/io/ObjectInputStream
Event: 4.367 loading class java/io/ObjectInput
Event: 4.367 loading class java/io/ObjectInput done
Event: 4.367 loading class java/io/ObjectInputStream done
Event: 4.383 loading class java/io/PrintWriter
Event: 4.383 loading class java/io/PrintWriter done
Event: 4.496 loading class java/lang/Override
Event: 4.496 loading class java/lang/Override done
Event: 4.502 loading class java/util/concurrent/atomic/AtomicReferenceFieldUpdater
Event: 4.503 loading class java/util/concurrent/atomic/AtomicReferenceFieldUpdater done
Event: 4.503 loading class java/util/concurrent/atomic/AtomicReferenceFieldUpdater$AtomicReferenceFieldUpdaterImpl
Event: 4.503 loading class java/util/concurrent/atomic/AtomicReferenceFieldUpdater$AtomicReferenceFieldUpdaterImpl done
Event: 4.503 loading class java/util/concurrent/atomic/AtomicReferenceFieldUpdater$AtomicReferenceFieldUpdaterImpl$1
Event: 4.503 loading class java/util/concurrent/atomic/AtomicReferenceFieldUpdater$AtomicReferenceFieldUpdaterImpl$1 done
Event: 4.504 loading class sun/reflect/misc/ReflectUtil
Event: 4.504 loading class sun/reflect/misc/ReflectUtil done
Event: 4.510 loading class java/lang/ThreadLocal$SuppliedThreadLocal
Event: 4.511 loading class java/lang/ThreadLocal$SuppliedThreadLocal done


Dynamic libraries:
0x00007ff6003a0000 - 0x00007ff6003ae000 	C:\Program Files\Eclipse Adoptium\jre-17.0.8.101-hotspot\bin\java.exe
0x00007ffde6ee0000 - 0x00007ffde7147000 	C:\WINDOWS\SYSTEM32\ntdll.dll
0x00007ffde5f40000 - 0x00007ffde6009000 	C:\WINDOWS\System32\KERNEL32.DLL
0x00007ffde3e00000 - 0x00007ffde41f1000 	C:\WINDOWS\System32\KERNELBASE.dll
0x00007ffde42c0000 - 0x00007ffde440b000 	C:\WINDOWS\System32\ucrtbase.dll
0x00007ffdba3c0000 - 0x00007ffdba3d7000 	C:\Program Files\Eclipse Adoptium\jre-17.0.8.101-hotspot\bin\jli.dll
0x00007ffdb99d0000 - 0x00007ffdb99e9000 	C:\Program Files\Eclipse Adoptium\jre-17.0.8.101-hotspot\bin\VCRUNTIME140.dll
0x00007ffde6130000 - 0x00007ffde62f5000 	C:\WINDOWS\System32\USER32.dll
0x00007ffdc5960000 - 0x00007ffdc5bf3000 	C:\WINDOWS\WinSxS\amd64_microsoft.windows.common-controls_6595b64144ccf1df_6.0.26100.8037_none_3e092faae333b53b\COMCTL32.dll
0x00007ffde5c90000 - 0x00007ffde5d39000 	C:\WINDOWS\System32\msvcrt.dll
0x00007ffde3b60000 - 0x00007ffde3b87000 	C:\WINDOWS\System32\win32u.dll
0x00007ffde6e50000 - 0x00007ffde6e7b000 	C:\WINDOWS\System32\GDI32.dll
0x00007ffde3b90000 - 0x00007ffde3cbb000 	C:\WINDOWS\System32\gdi32full.dll
0x00007ffde3930000 - 0x00007ffde39d3000 	C:\WINDOWS\System32\msvcp_win.dll
0x00007ffde5f00000 - 0x00007ffde5f31000 	C:\WINDOWS\System32\IMM32.DLL
0x00007ffdbe1d0000 - 0x00007ffdbe1dc000 	C:\Program Files\Eclipse Adoptium\jre-17.0.8.101-hotspot\bin\vcruntime140_1.dll
0x00007ffdac0f0000 - 0x00007ffdac181000 	C:\Program Files\Eclipse Adoptium\jre-17.0.8.101-hotspot\bin\msvcp140.dll
0x00007ffd26740000 - 0x00007ffd2738c000 	C:\Program Files\Eclipse Adoptium\jre-17.0.8.101-hotspot\bin\server\jvm.dll
0x00007ffde59c0000 - 0x00007ffde5a7b000 	C:\WINDOWS\System32\ADVAPI32.dll
0x00007ffde5be0000 - 0x00007ffde5c87000 	C:\WINDOWS\System32\sechost.dll
0x00007ffde6010000 - 0x00007ffde6128000 	C:\WINDOWS\System32\RPCRT4.dll
0x00007ffddf1e0000 - 0x00007ffddf1ea000 	C:\WINDOWS\SYSTEM32\WSOCK32.dll
0x00007ffde6890000 - 0x00007ffde6904000 	C:\WINDOWS\System32\WS2_32.dll
0x00007ffde3620000 - 0x00007ffde367e000 	C:\WINDOWS\SYSTEM32\POWRPROF.dll
0x00007ffdca330000 - 0x00007ffdca365000 	C:\WINDOWS\SYSTEM32\WINMM.dll
0x00007ffdd86e0000 - 0x00007ffdd86eb000 	C:\WINDOWS\SYSTEM32\VERSION.dll
0x00007ffde3600000 - 0x00007ffde3614000 	C:\WINDOWS\SYSTEM32\UMPDC.dll
0x00007ffde2510000 - 0x00007ffde252b000 	C:\WINDOWS\SYSTEM32\kernel.appcore.dll
0x00007ffdba440000 - 0x00007ffdba44a000 	C:\Program Files\Eclipse Adoptium\jre-17.0.8.101-hotspot\bin\jimage.dll
0x00007ffde0f30000 - 0x00007ffde1172000 	C:\WINDOWS\SYSTEM32\DBGHELP.DLL
0x00007ffde5440000 - 0x00007ffde57c2000 	C:\WINDOWS\System32\combase.dll
0x00007ffde6310000 - 0x00007ffde63e7000 	C:\WINDOWS\System32\OLEAUT32.dll
0x00007ffdcd460000 - 0x00007ffdcd49b000 	C:\WINDOWS\SYSTEM32\dbgcore.DLL
0x00007ffde3d50000 - 0x00007ffde3df5000 	C:\WINDOWS\System32\bcryptPrimitives.dll
0x00007ffdb34e0000 - 0x00007ffdb34ee000 	C:\Program Files\Eclipse Adoptium\jre-17.0.8.101-hotspot\bin\instrument.dll
0x00007ffdb3cb0000 - 0x00007ffdb3cd5000 	C:\Program Files\Eclipse Adoptium\jre-17.0.8.101-hotspot\bin\java.dll
0x00007ffda6e50000 - 0x00007ffda6f26000 	C:\Program Files\Eclipse Adoptium\jre-17.0.8.101-hotspot\bin\jsvml.dll
0x00007ffde4c80000 - 0x00007ffde53df000 	C:\WINDOWS\System32\SHELL32.dll
0x00007ffde37c0000 - 0x00007ffde392a000 	C:\WINDOWS\System32\wintypes.dll
0x00007ffde4410000 - 0x00007ffde4c74000 	C:\WINDOWS\System32\windows.storage.dll
0x00007ffde6d50000 - 0x00007ffde6e47000 	C:\WINDOWS\System32\SHCORE.dll
0x00007ffde5e90000 - 0x00007ffde5ef7000 	C:\WINDOWS\System32\shlwapi.dll
0x00007ffde36e0000 - 0x00007ffde3709000 	C:\WINDOWS\SYSTEM32\profapi.dll
0x00007ffdb3620000 - 0x00007ffdb3638000 	C:\Program Files\Eclipse Adoptium\jre-17.0.8.101-hotspot\bin\zip.dll
0x00007ffdb36e0000 - 0x00007ffdb36f9000 	C:\Program Files\Eclipse Adoptium\jre-17.0.8.101-hotspot\bin\net.dll
0x00007ffddd700000 - 0x00007ffddd827000 	C:\WINDOWS\SYSTEM32\WINHTTP.dll
0x00007ffde2a60000 - 0x00007ffde2acb000 	C:\WINDOWS\system32\mswsock.dll
0x00007ffdb36c0000 - 0x00007ffdb36d5000 	C:\Program Files\Eclipse Adoptium\jre-17.0.8.101-hotspot\bin\nio.dll
0x00007ffdb36b0000 - 0x00007ffdb36c0000 	C:\Program Files\Eclipse Adoptium\jre-17.0.8.101-hotspot\bin\verify.dll
0x00007ffdcb810000 - 0x00007ffdcb837000 	C:\Users\User\.gradle\native\660c5614fbf4a5f2a75b1949f50a0caf5cd603558e7d8a26e50b933a0cfb79d1\windows-amd64\native-platform.dll
0x00007ffdadce0000 - 0x00007ffdadd57000 	C:\Users\User\.gradle\native\0.2.8\x86_64-windows-gnu\gradle-fileevents.dll
0x00007ffdba3b0000 - 0x00007ffdba3b9000 	C:\Program Files\Eclipse Adoptium\jre-17.0.8.101-hotspot\bin\management.dll
0x00007ffdb3b30000 - 0x00007ffdb3b3b000 	C:\Program Files\Eclipse Adoptium\jre-17.0.8.101-hotspot\bin\management_ext.dll
0x00007ffde5420000 - 0x00007ffde5428000 	C:\WINDOWS\System32\PSAPI.DLL
0x00007ffde1f00000 - 0x00007ffde1f33000 	C:\WINDOWS\SYSTEM32\IPHLPAPI.DLL
0x00007ffde6300000 - 0x00007ffde630a000 	C:\WINDOWS\System32\NSI.dll
0x00007ffddd920000 - 0x00007ffddd93d000 	C:\WINDOWS\SYSTEM32\dhcpcsvc6.DLL
0x00007ffddd8f0000 - 0x00007ffddd913000 	C:\WINDOWS\SYSTEM32\dhcpcsvc.DLL
0x00007ffde1f90000 - 0x00007ffde20ba000 	C:\WINDOWS\SYSTEM32\DNSAPI.dll
0x00007ffde2e60000 - 0x00007ffde2e7b000 	C:\WINDOWS\SYSTEM32\CRYPTSP.dll
0x00007ffde2470000 - 0x00007ffde24a9000 	C:\WINDOWS\system32\rsaenh.dll
0x00007ffde2b10000 - 0x00007ffde2b42000 	C:\WINDOWS\SYSTEM32\USERENV.dll
0x00007ffde36b0000 - 0x00007ffde36da000 	C:\WINDOWS\SYSTEM32\bcrypt.dll
0x00007ffde2cc0000 - 0x00007ffde2ccc000 	C:\WINDOWS\SYSTEM32\CRYPTBASE.dll
0x00007ffdb2520000 - 0x00007ffdb252e000 	C:\Program Files\Eclipse Adoptium\jre-17.0.8.101-hotspot\bin\sunmscapi.dll
0x00007ffde39e0000 - 0x00007ffde3b57000 	C:\WINDOWS\System32\CRYPT32.dll
0x00007ffde2fc0000 - 0x00007ffde2ff0000 	C:\WINDOWS\SYSTEM32\ncrypt.dll
0x00007ffde2f70000 - 0x00007ffde2faf000 	C:\WINDOWS\SYSTEM32\NTASN1.dll
0x00007ffdceab0000 - 0x00007ffdceab8000 	C:\WINDOWS\system32\wshunix.dll

dbghelp: loaded successfully - version: 4.0.5 - missing functions: none
symbol engine: initialized successfully - sym options: 0x614 - pdb path: .;C:\Program Files\Eclipse Adoptium\jre-17.0.8.101-hotspot\bin;C:\WINDOWS\SYSTEM32;C:\WINDOWS\WinSxS\amd64_microsoft.windows.common-controls_6595b64144ccf1df_6.0.26100.8037_none_3e092faae333b53b;C:\Program Files\Eclipse Adoptium\jre-17.0.8.101-hotspot\bin\server;C:\Users\User\.gradle\native\660c5614fbf4a5f2a75b1949f50a0caf5cd603558e7d8a26e50b933a0cfb79d1\windows-amd64;C:\Users\User\.gradle\native\0.2.8\x86_64-windows-gnu

VM Arguments:
jvm_args: --add-opens=java.base/java.lang=ALL-UNNAMED --add-opens=java.base/java.lang.invoke=ALL-UNNAMED --add-opens=java.base/java.util=ALL-UNNAMED --add-opens=java.prefs/java.util.prefs=ALL-UNNAMED --add-exports=jdk.compiler/com.sun.tools.javac.api=ALL-UNNAMED --add-exports=jdk.compiler/com.sun.tools.javac.util=ALL-UNNAMED --add-opens=java.base/java.util=ALL-UNNAMED --add-opens=java.prefs/java.util.prefs=ALL-UNNAMED --add-opens=java.base/java.nio.charset=ALL-UNNAMED --add-opens=java.base/java.net=ALL-UNNAMED --add-opens=java.base/java.util.concurrent=ALL-UNNAMED --add-opens=java.base/java.util.concurrent.atomic=ALL-UNNAMED --add-opens=java.xml/javax.xml.namespace=ALL-UNNAMED --add-opens=java.base/java.time=ALL-UNNAMED -Xmx2048m -Dfile.encoding=UTF-8 -Duser.country=US -Duser.language=en -Duser.variant -javaagent:C:\Users\User\.gradle\wrapper\dists\gradle-9.3.1-bin\23ovyewtku6u96viwx3xl3oks\gradle-9.3.1\lib\agents\gradle-instrumentation-agent-9.3.1.jar 
java_command: org.gradle.launcher.daemon.bootstrap.GradleDaemon 9.3.1
java_class_path (initial): C:\Users\User\.gradle\wrapper\dists\gradle-9.3.1-bin\23ovyewtku6u96viwx3xl3oks\gradle-9.3.1\lib\gradle-daemon-main-9.3.1.jar
Launcher Type: SUN_STANDARD

[Global flags]
     intx CICompilerCount                          = 12                                        {product} {ergonomic}
     uint ConcGCThreads                            = 3                                         {product} {ergonomic}
     uint G1ConcRefinementThreads                  = 13                                        {product} {ergonomic}
   size_t G1HeapRegionSize                         = 1048576                                   {product} {ergonomic}
    uintx GCDrainStackTargetSize                   = 64                                        {product} {ergonomic}
   size_t InitialHeapSize                          = 264241152                                 {product} {ergonomic}
   size_t MarkStackSize                            = 4194304                                   {product} {ergonomic}
   size_t MaxHeapSize                              = 2147483648                                {product} {command line}
   size_t MaxNewSize                               = 1287651328                                {product} {ergonomic}
   size_t MinHeapDeltaBytes                        = 1048576                                   {product} {ergonomic}
   size_t MinHeapSize                              = 8388608                                   {product} {ergonomic}
    uintx NonNMethodCodeHeapSize                   = 7602480                                {pd product} {ergonomic}
    uintx NonProfiledCodeHeapSize                  = 122027880                              {pd product} {ergonomic}
    uintx ProfiledCodeHeapSize                     = 122027880                              {pd product} {ergonomic}
    uintx ReservedCodeCacheSize                    = 251658240                              {pd product} {ergonomic}
     bool SegmentedCodeCache                       = true                                      {product} {ergonomic}
   size_t SoftMaxHeapSize                          = 2147483648                             {manageable} {ergonomic}
     bool UseCompressedClassPointers               = true                           {product lp64_product} {ergonomic}
     bool UseCompressedOops                        = true                           {product lp64_product} {ergonomic}
     bool UseG1GC                                  = true                                      {product} {ergonomic}
     bool UseLargePagesIndividualAllocation        = false                                  {pd product} {ergonomic}

Logging:
Log output configuration:
 #0: stdout all=warning uptime,level,tags
 #1: stderr all=off uptime,level,tags

Environment Variables:
PATH=C:\Program Files\Eclipse Adoptium\jre-17.0.8.101-hotspot\bin;C:\Program Files\Eclipse Adoptium\jdk-21.0.2.13-hotspot\bin;C:\Program Files (x86)\VMware\VMware Workstation\bin\;C:\WINDOWS\system32;C:\WINDOWS;C:\WINDOWS\System32\Wbem;C:\WINDOWS\System32\WindowsPowerShell\v1.0\;C:\WINDOWS\System32\OpenSSH\;C:\Program Files\Git\cmd;C:\Program Files\nodejs\;C:\Users\User\AppData\Local\Programs\Python\Python313\Scripts\;C:\Users\User\AppData\Local\Programs\Python\Python313\;C:\Users\User\AppData\Local\Programs\Python\Launcher\;C:\Users\User\AppData\Local\Microsoft\WindowsApps;C:\Users\User\AppData\Local\Programs\Python\Python312;C:\Users\User\AppData\Local\Programs\Python\Python312\Scripts;C:\Program Files\kotlinc\bin;;C:\Program Files\JetBrains\IntelliJ IDEA Community Edition 2024.2.0.1\bin;C:\MinGW\bin;;C:\Program Files\heroku\bin;C:\Program Files (x86)\Nmap;C:\Users\User\AppData\Local\Programs\Microsoft VS Code\bin;C:\Users\User\AppData\Local\Programs\Antigravity\bin;C:\Users\User\AppData\Roaming\npm;C:\Users\User\AppData\Local\Microsoft\WinGet\Packages\BurntSushi.ripgrep.MSVC_Microsoft.Winget.Source_8wekyb3d8bbwe\ripgrep-15.1.0-x86_64-pc-windows-msvc;C:\Users\User\AppData\Local\Microsoft\WinGet\Packages\sharkdp.fd_Microsoft.Winget.Source_8wekyb3d8bbwe\fd-v10.4.2-x86_64-pc-windows-msvc;
USERNAME=User
OS=Windows_NT
PROCESSOR_IDENTIFIER=Intel64 Family 6 Model 154 Stepping 3, GenuineIntel
TMP=C:\Users\User\AppData\Local\Temp
TEMP=C:\Users\User\AppData\Local\Temp



---------------  S Y S T E M  ---------------

OS:
 Windows 11 , 64 bit Build 26100 (10.0.26100.7920)
OS uptime: 2 days 7:53 hours
Hyper-V role detected

CPU: total 16 (initial active 16) (8 cores per cpu, 2 threads per core) family 6 model 154 stepping 3 microcode 0x42a, cx8, cmov, fxsr, ht, mmx, 3dnowpref, sse, sse2, sse3, ssse3, sse4.1, sse4.2, popcnt, lzcnt, tsc, tscinvbit, avx, avx2, aes, erms, clmul, bmi1, bmi2, adx, sha, fma, vzeroupper, clflush, clflushopt, clwb, hv
Processor Information for processor 0
  Max Mhz: 1700, Current Mhz: 1700, Mhz Limit: 1700
Processor Information for processor 1
  Max Mhz: 1700, Current Mhz: 1700, Mhz Limit: 1700
Processor Information for processor 2
  Max Mhz: 1700, Current Mhz: 1700, Mhz Limit: 1700
Processor Information for processor 3
  Max Mhz: 1700, Current Mhz: 1700, Mhz Limit: 1700
Processor Information for processor 4
  Max Mhz: 1700, Current Mhz: 1700, Mhz Limit: 1700
Processor Information for processor 5
  Max Mhz: 1700, Current Mhz: 1700, Mhz Limit: 1700
Processor Information for processor 6
  Max Mhz: 1700, Current Mhz: 1700, Mhz Limit: 1700
Processor Information for processor 7
  Max Mhz: 1700, Current Mhz: 1700, Mhz Limit: 1700
Processor Information for processor 8
  Max Mhz: 1700, Current Mhz: 1200, Mhz Limit: 1190
Processor Information for processor 9
  Max Mhz: 1700, Current Mhz: 1200, Mhz Limit: 1190
Processor Information for processor 10
  Max Mhz: 1700, Current Mhz: 1200, Mhz Limit: 1190
Processor Information for processor 11
  Max Mhz: 1700, Current Mhz: 1200, Mhz Limit: 1190
Processor Information for processor 12
  Max Mhz: 1700, Current Mhz: 1200, Mhz Limit: 1190
Processor Information for processor 13
  Max Mhz: 1700, Current Mhz: 1200, Mhz Limit: 1190
Processor Information for processor 14
  Max Mhz: 1700, Current Mhz: 1200, Mhz Limit: 1190
Processor Information for processor 15
  Max Mhz: 1700, Current Mhz: 1200, Mhz Limit: 1190

Memory: 4k page, system-wide physical 16088M (653M free)
TotalPageFile size 47835M (AvailPageFile size 10M)
current process WorkingSet (physical memory assigned to process): 282M, peak: 292M
current process commit charge ("private bytes"): 444M, peak: 453M

vm_info: OpenJDK 64-Bit Server VM (17.0.8.1+1) for windows-amd64 JRE (17.0.8.1+1), built on Aug 23 2023 15:29:17 by "admin" with MS VC++ 16.7 (VS2019)

END.
